(---------------------------------------------------------------------)
(                                                                     )
(    Allegro Netrev Import Logic                                      )
(                                                                     )
(    Drawing          : motor_encoder_brd.brd                         )
(    Software Version : unreleased                                    )
(    Date/Time        : Fri Mar 20 18:30:48 2020                      )
(                                                                     )
(---------------------------------------------------------------------)


------ Directives ------------

Ripup etch:                  No
Ripup delete first segment:  No
Ripup retain bondwire:       No
Ripup symbols:               Always
Missing symbol has error:    No
DRC update:                  Yes
Schematic directory:         'c:\users\carlo\documents\git\insuflatore\motor_encoder_brd\allegro'
Design Directory:            'c:/users/carlo/documents/git/insuflatore/motor_encoder_brd/allegro'
Old design name:             'c:/users/carlo/documents/git/insuflatore/motor_encoder_brd/allegro/motor_encoder_brd.brd'
New design name:             'c:/users/carlo/documents/git/insuflatore/motor_encoder_brd/allegro/motor_encoder_brd.brd'

CmdLine: netrev -i c:\users\carlo\documents\git\insuflatore\motor_encoder_brd\allegro -y 1 -q netrev_constraint_report.xml c:/users/carlo/documents/git/insuflatore/motor_encoder_brd/allegro/#Taaaaag13064.tmp

------ Preparing to read pst files ------

Starting to read c:/users/carlo/documents/git/insuflatore/motor_encoder_brd/allegro/pstchip.dat 
   Finished reading c:/users/carlo/documents/git/insuflatore/motor_encoder_brd/allegro/pstchip.dat (00:00:00.03)
Starting to read c:/users/carlo/documents/git/insuflatore/motor_encoder_brd/allegro/pstxprt.dat 
   Finished reading c:/users/carlo/documents/git/insuflatore/motor_encoder_brd/allegro/pstxprt.dat (00:00:00.00)
Starting to read c:/users/carlo/documents/git/insuflatore/motor_encoder_brd/allegro/pstxnet.dat 
   Finished reading c:/users/carlo/documents/git/insuflatore/motor_encoder_brd/allegro/pstxnet.dat (00:00:00.00)

------ Oversights/Warnings/Errors ------


------ Library Paths ------
MODULEPATH =  . 
           C:/Cadence/SPB_17.4/share/local/pcb/modules 

PSMPATH =  . 
           symbols 
           .. 
           ../symbols 
           C:/Cadence/SPB_17.4/share/local/pcb/symbols 
           C:/Cadence/SPB_17.4/share/pcb/pcb_lib/symbols 
           C:/Cadence/SPB_17.4/share/pcb/allegrolib/symbols 
           C:/Users/Carlo/Documents/Cadence/Library/symbols/PSM/ 
           C:/Users/Carlo/Documents/git/library/symbols/PSM 

PADPATH =  . 
           symbols 
           .. 
           ../symbols 
           C:/Cadence/SPB_17.4/share/local/pcb/padstacks 
           C:/Cadence/SPB_17.4/share/pcb/pcb_lib/symbols 
           C:/Cadence/SPB_17.4/share/pcb/allegrolib/symbols 
           C:/Users/Carlo/Documents/Cadence/Library/symbols/PAD 
           C:/Users/Carlo/Documents/git/library/symbols/PAD 


------ Summary Statistics ------


netrev run on Mar 20 18:30:48 2020
   DESIGN NAME : 'MOTOR_ENCODER_BRD'
   PACKAGING ON Oct  7 2019 04:16:49

   COMPILE 'logic'
   CHECK_PIN_NAMES OFF
   CROSS_REFERENCE OFF
   FEEDBACK OFF
   INCREMENTAL OFF
   INTERFACE_TYPE PHYSICAL
   MAX_ERRORS 500
   MERGE_MINIMUM 5
   NET_NAME_CHARS '#%&()*+-./:=>?@[]^_`|'
   NET_NAME_LENGTH 24
   OVERSIGHTS ON
   REPLACE_CHECK OFF
   SINGLE_NODE_NETS ON
   SPLIT_MINIMUM 0
   SUPPRESS   20
   WARNINGS ON

 No error detected
 No oversight detected
 No warning detected

cpu time      0:02:13
elapsed time  0:00:01

