Fri Mar 20 18:39:03 2020				Page     1


 
Update Symbols/Modules Logfile
	Fri Mar 20 18:39:03 2020

------ Module Refresh Messages ------

SUMMARY:    Updated 0 out of 0 modules

------ End Module Messages     ------



(---------------------------------------------------------------------)
(                                                                     )
(    Refresh Symbol                                                   )
(                                                                     )
(    Drawing          : motor_encoder_brd.brd                         )
(    Software Version : unreleased                                    )
(    Date/Time        : Fri Mar 20 18:39:04 2020                      )
(                                                                     )
(---------------------------------------------------------------------)


Fri Mar 20 18:39:04 2020				Page     1


------ Symbol Refresh Directives ------

Input design  = 'c:/users/carlo/documents/git/insuflatore/motor_encoder_brd/allegro/motor_encoder_brd.brd'
Output design = ''

Update mechanical symbols              = 'NO'
Update format symbols                  = 'NO'
Update package symbols                 = 'YES'
Update shape/flash symbols             = 'YES'
Update symbol padstacks                = 'NO'
Preserve padstacks replaced on pins    = 'NO'
Reset symbol text and size locations   = 'NO'
Reset Pin Escapes (fanouts)            = 'NO'
Ripup Etch                             = 'NO'
Reset custom drill data                = 'NO'


------ Library Paths ------
PSMPATH =  . 
           symbols 
           .. 
           ../symbols 
           C:/Cadence/SPB_17.4/share/local/pcb/symbols 
           C:/Cadence/SPB_17.4/share/pcb/pcb_lib/symbols 
           C:/Cadence/SPB_17.4/share/pcb/allegrolib/symbols 
           C:/Users/Carlo/Documents/Cadence/Library/symbols/PSM/ 
           C:/Users/Carlo/Documents/git/library/symbols/PSM 

PADPATH =  . 
           symbols 
           .. 
           ../symbols 
           C:/Cadence/SPB_17.4/share/local/pcb/padstacks 
           C:/Cadence/SPB_17.4/share/pcb/pcb_lib/symbols 
           C:/Cadence/SPB_17.4/share/pcb/allegrolib/symbols 
           C:/Users/Carlo/Documents/Cadence/Library/symbols/PAD 
           C:/Users/Carlo/Documents/git/library/symbols/PAD 


------ Symbol Refresh Messages ------

'CAP0805'  symbol refreshed successfully.
'SMC0603'  symbol refreshed successfully.
'CAP0402'  symbol refreshed successfully.
'MTHOLE1'  symbol refreshed successfully.
'SSOP28-LD'  symbol refreshed successfully.
'JST_PADSS_90DEG_10X2'  symbol refreshed successfully.
'RES0603'  symbol refreshed successfully.
'AB00'  symbol refreshed successfully.


----- Symbol Update Summary ----

Updated symbols: 8 out 8
    Design updated.

